<?xml version="1.0" encoding="UTF-8"?>
<!-- Generated by org.testng.reporters.JUnitReportReporter -->
<testsuite hostname="DESKTOP-9P819IA" failures="0" tests="1" name="appache.Fileupload" time="9.416" errors="0" timestamp="2023-01-20T18:30:34 IST" skipped="0">
  <testcase classname="appache.Fileupload" name="test1" time="9.416"/>
  <system-out/>
</testsuite> <!-- appache.Fileupload -->
