<?xml version="1.0" encoding="UTF-8"?>
<!-- Generated by org.testng.reporters.JUnitReportReporter -->
<testsuite hostname="DESKTOP-9P819IA" failures="0" tests="2" name="Test.Fblogintest" time="7.110" errors="0" timestamp="2023-02-06T15:20:54 IST" skipped="0">
  <testcase classname="Test.Fblogintest" name="test" time="3.888"/>
  <system-out/>
  <testcase classname="Test.Fblogintest" name="test2" time="3.222"/>
  <system-out/>
</testsuite> <!-- Test.Fblogintest -->
