<?xml version="1.0" encoding="UTF-8"?>
<!-- Generated by org.testng.reporters.JUnitReportReporter -->
<testsuite hostname="DESKTOP-9P819IA" failures="0" tests="1" name="Testngpkg.Parametarization" time="17.685" errors="0" timestamp="2023-01-16T12:32:30 IST" skipped="0">
  <testcase classname="Testngpkg.Parametarization" name="test1" time="17.685"/>
  <system-out/>
</testsuite> <!-- Testngpkg.Parametarization -->
