<?xml version="1.0" encoding="UTF-8"?>
<!-- Generated by org.testng.reporters.JUnitReportReporter -->
<testsuite hostname="DESKTOP-9P819IA" failures="0" tests="1" name="Testngpkg.Dropdemo" time="67.950" errors="0" timestamp="2023-01-17T14:44:05 IST" skipped="0">
  <testcase classname="Testngpkg.Dropdemo" name="test1" time="67.950"/>
  <system-out/>
</testsuite> <!-- Testngpkg.Dropdemo -->
