<?xml version="1.0" encoding="UTF-8"?>
<!-- Generated by org.testng.reporters.JUnitReportReporter -->
<testsuite hostname="DESKTOP-9P819IA" failures="0" tests="1" name="appache.Fileuploadusingrobot" time="17.228" errors="0" timestamp="2023-01-23T14:39:35 IST" skipped="0">
  <testcase classname="appache.Fileuploadusingrobot" name="test1" time="17.228"/>
  <system-out/>
</testsuite> <!-- appache.Fileuploadusingrobot -->
