<?xml version="1.0" encoding="UTF-8"?>
<!-- Generated by org.testng.reporters.JUnitReportReporter -->
<testsuite hostname="DESKTOP-9P819IA" failures="0" tests="1" name="Testngpkg.Guruquestion" time="16.428" errors="0" timestamp="2023-01-18T15:19:09 IST" skipped="0">
  <testcase classname="Testngpkg.Guruquestion" name="method" time="16.428"/>
  <system-out/>
</testsuite> <!-- Testngpkg.Guruquestion -->
