<?xml version="1.0" encoding="UTF-8"?>
<!-- Generated by org.testng.reporters.JUnitReportReporter -->
<testsuite hostname="DESKTOP-9P819IA" failures="0" tests="1" name="Testngpkg.Copypasteusingaction" time="5.071" errors="0" timestamp="2023-01-17T14:13:40 IST" skipped="0">
  <testcase classname="Testngpkg.Copypasteusingaction" name="test1" time="5.071"/>
  <system-out/>
</testsuite> <!-- Testngpkg.Copypasteusingaction -->
